<?xml version="1.0" encoding="UTF-8"?>
<!-- Generated by org.testng.reporters.JUnitReportReporter -->
<testsuite hostname="DESKTOP-BSQQ8SS" name="com.crm.contactTest.Contacts" tests="1" failures="0" timestamp="22 Sep 2018 11:20:37 GMT" time="53.411" errors="0">
  <testcase name="createContactsTest" time="53.411" classname="com.crm.contactTest.Contacts"/>
</testsuite> <!-- com.crm.contactTest.Contacts -->
