<?xml version="1.0" encoding="UTF-8"?>
<!-- Generated by org.testng.reporters.JUnitReportReporter -->
<testsuite hostname="DESKTOP-BSQQ8SS" name="com.crm.organization.Organistion" tests="1" failures="0" timestamp="22 Sep 2018 11:01:54 GMT" time="51.918" errors="0">
  <testcase name="createOrganistionTest" time="51.918" classname="com.crm.organization.Organistion"/>
</testsuite> <!-- com.crm.organization.Organistion -->
