<?xml version="1.0" encoding="UTF-8"?>
<!-- Generated by org.testng.reporters.JUnitReportReporter -->
<testsuite hostname="DESKTOP-BSQQ8SS" name="com.crm.campagnitest.Campangin" tests="1" failures="0" timestamp="22 Sep 2018 11:36:48 GMT" time="37.307" errors="0">
  <testcase name="createcampngTest" time="37.307" classname="com.crm.campagnitest.Campangin"/>
</testsuite> <!-- com.crm.campagnitest.Campangin -->
